<?xml version="1.0" encoding="UTF-8"?>
<testng-results skipped="0" failed="0" ignored="0" total="1" passed="1">
  <reporter-output>
  </reporter-output>
  <suite name="Automation Test Suite" duration-ms="15056" started-at="2021-05-19T21:39:23 EDT" finished-at="2021-05-19T21:39:38 EDT">
    <groups>
      <group name="cucumber">
        <method signature="MyRunner.feature(cucumber.api.testng.CucumberFeatureWrapper)[pri:0, instance:swaglabs.runner.MyRunner@3a079870]" name="feature" class="swaglabs.runner.MyRunner"/>
      </group> <!-- cucumber -->
    </groups>
    <test name="SwagLabs Login test" duration-ms="15056" started-at="2021-05-19T21:39:23 EDT" finished-at="2021-05-19T21:39:38 EDT">
      <class name="swaglabs.runner.MyRunner">
        <test-method status="PASS" signature="setUpClass()[pri:0, instance:swaglabs.runner.MyRunner@3a079870]" name="setUpClass" is-config="true" duration-ms="647" started-at="2021-05-19T21:39:23 EDT" finished-at="2021-05-19T21:39:24 EDT">
          <reporter-output>
          </reporter-output>
        </test-method> <!-- setUpClass -->
        <test-method status="PASS" signature="feature(cucumber.api.testng.CucumberFeatureWrapper)[pri:0, instance:swaglabs.runner.MyRunner@3a079870]" name="feature" duration-ms="13736" started-at="2021-05-19T21:39:24 EDT" description="Runs LoginCandiate Feature" data-provider="features" finished-at="2021-05-19T21:39:38 EDT">
          <params>
            <param index="0">
              <value>
                <![CDATA[QA Engineer Coding Test-Swag labs login]]>
              </value>
            </param>
          </params>
          <reporter-output>
          </reporter-output>
        </test-method> <!-- feature -->
        <test-method status="PASS" signature="tearDownClass()[pri:0, instance:swaglabs.runner.MyRunner@3a079870]" name="tearDownClass" is-config="true" duration-ms="21" started-at="2021-05-19T21:39:38 EDT" finished-at="2021-05-19T21:39:38 EDT">
          <reporter-output>
          </reporter-output>
        </test-method> <!-- tearDownClass -->
      </class> <!-- swaglabs.runner.MyRunner -->
    </test> <!-- SwagLabs Login test -->
  </suite> <!-- Automation Test Suite -->
</testng-results>
